2024/12/31 10:29:10 [warning] [application] Failed to set unsafe attribute "subject" of "ContactForm".
in /var/www/html/yii-app/protected/controllers/SiteController.php (64)
in /var/www/html/yii-app/index.php (13)
2024/12/31 10:55:25 [error] [exception.CHttpException.404] CHttpException: The system is unable to find the requested action "mytable1". in /var/www/html/yii/framework/web/CController.php:486
Stack trace:
#0 /var/www/html/yii/framework/web/CController.php(270): CController->missingAction()
#1 /var/www/html/yii/framework/web/CWebApplication.php(282): CController->run()
#2 /var/www/html/yii/framework/web/CWebApplication.php(141): CWebApplication->runController()
#3 /var/www/html/yii/framework/base/CApplication.php(185): CWebApplication->processRequest()
#4 /var/www/html/yii-app/index.php(13): CApplication->run()
#5 {main}
REQUEST_URI=/yii-app/index.php/site/mytable1
---
2024/12/31 10:56:27 [error] [exception.Error] Error: Call to undefined function mb_stripos() in /var/www/html/yii/framework/db/CDbConnection.php:609
Stack trace:
#0 /var/www/html/yii/framework/db/CDbConnection.php(581): CDbConnection->quoteValueInternal()
#1 /var/www/html/yii/framework/db/schema/CDbCommandBuilder.php(790): CDbConnection->quoteValue()
#2 /var/www/html/yii/framework/db/schema/CDbCommandBuilder.php(624): CDbCommandBuilder->createInCondition()
#3 /var/www/html/yii/framework/db/ar/CActiveRecord.php(1493): CDbCommandBuilder->createPkCriteria()
#4 /var/www/html/yii-app/protected/controllers/Mytable1Controller.php(155): CActiveRecord->findByPk()
#5 /var/www/html/yii-app/protected/controllers/Mytable1Controller.php(89): Mytable1Controller->loadModel()
#6 [internal function]: Mytable1Controller->actionUpdate()
#7 /var/www/html/yii/framework/web/actions/CAction.php(114): ReflectionMethod->invokeArgs()
#8 /var/www/html/yii/framework/web/actions/CInlineAction.php(47): CAction->runWithParamsInternal()
#9 /var/www/html/yii/framework/web/CController.php(308): CInlineAction->runWithParams()
#10 /var/www/html/yii/framework/web/filters/CFilterChain.php(134): CController->runAction()
#11 /var/www/html/yii/framework/web/filters/CFilter.php(40): CFilterChain->run()
#12 /var/www/html/yii/framework/web/CController.php(1148): CFilter->filter()
#13 /var/www/html/yii/framework/web/filters/CInlineFilter.php(58): CController->filterAccessControl()
#14 /var/www/html/yii/framework/web/filters/CFilterChain.php(131): CInlineFilter->filter()
#15 /var/www/html/yii/framework/web/CController.php(291): CFilterChain->run()
#16 /var/www/html/yii/framework/web/CController.php(265): CController->runActionWithFilters()
#17 /var/www/html/yii/framework/web/CWebApplication.php(282): CController->run()
#18 /var/www/html/yii/framework/web/CWebApplication.php(141): CWebApplication->runController()
#19 /var/www/html/yii/framework/base/CApplication.php(185): CWebApplication->processRequest()
#20 /var/www/html/yii-app/index.php(13): CApplication->run()
#21 {main}
REQUEST_URI=/yii-app/index.php/mytable1/update/6
HTTP_REFERER=http://www.linda.com/yii-app/index.php/mytable1/admin
---
2024/12/31 10:56:43 [error] [system.db.CDbCommand] CDbCommand::execute() failed: SQLSTATE[22007]: Invalid datetime format: 1292 Incorrect datetime value: 'jhjghjhgjg' for column 'register_time' at row 1. The SQL statement executed was: INSERT INTO `mytable1` (`name`, `location`, `register_time`, `register_number`) VALUES (:yp0, :yp1, :yp2, :yp3).
in /var/www/html/yii-app/protected/controllers/Mytable1Controller.php (73)
in /var/www/html/yii-app/index.php (13)
2024/12/31 10:56:43 [error] [exception.CDbException] CDbException: CDbCommand failed to execute the SQL statement: SQLSTATE[22007]: Invalid datetime format: 1292 Incorrect datetime value: 'jhjghjhgjg' for column 'register_time' at row 1. The SQL statement executed was: INSERT INTO `mytable1` (`name`, `location`, `register_time`, `register_number`) VALUES (:yp0, :yp1, :yp2, :yp3) in /var/www/html/yii/framework/db/CDbCommand.php:358
Stack trace:
#0 /var/www/html/yii/framework/db/ar/CActiveRecord.php(1083): CDbCommand->execute()
#1 /var/www/html/yii/framework/db/ar/CActiveRecord.php(811): CActiveRecord->insert()
#2 /var/www/html/yii-app/protected/controllers/Mytable1Controller.php(73): CActiveRecord->save()
#3 /var/www/html/yii/framework/web/actions/CInlineAction.php(49): Mytable1Controller->actionCreate()
#4 /var/www/html/yii/framework/web/CController.php(308): CInlineAction->runWithParams()
#5 /var/www/html/yii/framework/web/filters/CFilterChain.php(134): CController->runAction()
#6 /var/www/html/yii/framework/web/filters/CFilter.php(40): CFilterChain->run()
#7 /var/www/html/yii/framework/web/CController.php(1148): CFilter->filter()
#8 /var/www/html/yii/framework/web/filters/CInlineFilter.php(58): CController->filterAccessControl()
#9 /var/www/html/yii/framework/web/filters/CFilterChain.php(131): CInlineFilter->filter()
#10 /var/www/html/yii/framework/web/CController.php(291): CFilterChain->run()
#11 /var/www/html/yii/framework/web/CController.php(265): CController->runActionWithFilters()
#12 /var/www/html/yii/framework/web/CWebApplication.php(282): CController->run()
#13 /var/www/html/yii/framework/web/CWebApplication.php(141): CWebApplication->runController()
#14 /var/www/html/yii/framework/base/CApplication.php(185): CWebApplication->processRequest()
#15 /var/www/html/yii-app/index.php(13): CApplication->run()
#16 {main}
REQUEST_URI=/yii-app/index.php/mytable1/create
HTTP_REFERER=http://www.linda.com/yii-app/index.php/mytable1/create
---
2024/12/31 10:57:01 [error] [exception.Error] Error: Call to undefined function mb_stripos() in /var/www/html/yii/framework/db/CDbConnection.php:609
Stack trace:
#0 /var/www/html/yii/framework/db/CDbConnection.php(581): CDbConnection->quoteValueInternal()
#1 /var/www/html/yii/framework/db/schema/CDbCommandBuilder.php(790): CDbConnection->quoteValue()
#2 /var/www/html/yii/framework/db/schema/CDbCommandBuilder.php(624): CDbCommandBuilder->createInCondition()
#3 /var/www/html/yii/framework/db/ar/CActiveRecord.php(1493): CDbCommandBuilder->createPkCriteria()
#4 /var/www/html/yii-app/protected/controllers/Mytable1Controller.php(155): CActiveRecord->findByPk()
#5 /var/www/html/yii-app/protected/controllers/Mytable1Controller.php(113): Mytable1Controller->loadModel()
#6 [internal function]: Mytable1Controller->actionDelete()
#7 /var/www/html/yii/framework/web/actions/CAction.php(114): ReflectionMethod->invokeArgs()
#8 /var/www/html/yii/framework/web/actions/CInlineAction.php(47): CAction->runWithParamsInternal()
#9 /var/www/html/yii/framework/web/CController.php(308): CInlineAction->runWithParams()
#10 /var/www/html/yii/framework/web/filters/CFilterChain.php(134): CController->runAction()
#11 /var/www/html/yii/framework/web/CController.php(1119): CFilterChain->run()
#12 /var/www/html/yii/framework/web/filters/CInlineFilter.php(58): CController->filterPostOnly()
#13 /var/www/html/yii/framework/web/filters/CFilterChain.php(131): CInlineFilter->filter()
#14 /var/www/html/yii/framework/web/filters/CFilter.php(40): CFilterChain->run()
#15 /var/www/html/yii/framework/web/CController.php(1148): CFilter->filter()
#16 /var/www/html/yii/framework/web/filters/CInlineFilter.php(58): CController->filterAccessControl()
#17 /var/www/html/yii/framework/web/filters/CFilterChain.php(131): CInlineFilter->filter()
#18 /var/www/html/yii/framework/web/CController.php(291): CFilterChain->run()
#19 /var/www/html/yii/framework/web/CController.php(265): CController->runActionWithFilters()
#20 /var/www/html/yii/framework/web/CWebApplication.php(282): CController->run()
#21 /var/www/html/yii/framework/web/CWebApplication.php(141): CWebApplication->runController()
#22 /var/www/html/yii/framework/base/CApplication.php(185): CWebApplication->processRequest()
#23 /var/www/html/yii-app/index.php(13): CApplication->run()
#24 {main}
REQUEST_URI=/yii-app/index.php/mytable1/delete/2?ajax=mytable1-grid
HTTP_REFERER=http://www.linda.com/yii-app/index.php/mytable1/admin
---
2024/12/31 10:57:13 [error] [exception.Error] Error: Call to undefined function mb_stripos() in /var/www/html/yii/framework/db/CDbConnection.php:609
Stack trace:
#0 /var/www/html/yii/framework/db/CDbConnection.php(581): CDbConnection->quoteValueInternal()
#1 /var/www/html/yii/framework/db/schema/CDbCommandBuilder.php(790): CDbConnection->quoteValue()
#2 /var/www/html/yii/framework/db/schema/CDbCommandBuilder.php(624): CDbCommandBuilder->createInCondition()
#3 /var/www/html/yii/framework/db/ar/CActiveRecord.php(1493): CDbCommandBuilder->createPkCriteria()
#4 /var/www/html/yii-app/protected/controllers/Mytable1Controller.php(155): CActiveRecord->findByPk()
#5 /var/www/html/yii-app/protected/controllers/Mytable1Controller.php(55): Mytable1Controller->loadModel()
#6 [internal function]: Mytable1Controller->actionView()
#7 /var/www/html/yii/framework/web/actions/CAction.php(114): ReflectionMethod->invokeArgs()
#8 /var/www/html/yii/framework/web/actions/CInlineAction.php(47): CAction->runWithParamsInternal()
#9 /var/www/html/yii/framework/web/CController.php(308): CInlineAction->runWithParams()
#10 /var/www/html/yii/framework/web/filters/CFilterChain.php(134): CController->runAction()
#11 /var/www/html/yii/framework/web/filters/CFilter.php(40): CFilterChain->run()
#12 /var/www/html/yii/framework/web/CController.php(1148): CFilter->filter()
#13 /var/www/html/yii/framework/web/filters/CInlineFilter.php(58): CController->filterAccessControl()
#14 /var/www/html/yii/framework/web/filters/CFilterChain.php(131): CInlineFilter->filter()
#15 /var/www/html/yii/framework/web/CController.php(291): CFilterChain->run()
#16 /var/www/html/yii/framework/web/CController.php(265): CController->runActionWithFilters()
#17 /var/www/html/yii/framework/web/CWebApplication.php(282): CController->run()
#18 /var/www/html/yii/framework/web/CWebApplication.php(141): CWebApplication->runController()
#19 /var/www/html/yii/framework/base/CApplication.php(185): CWebApplication->processRequest()
#20 /var/www/html/yii-app/index.php(13): CApplication->run()
#21 {main}
REQUEST_URI=/yii-app/index.php/mytable1/3
HTTP_REFERER=http://www.linda.com/yii-app/index.php/mytable1/admin
---
2024/12/31 10:59:39 [error] [exception.Error] Error: Call to undefined function mb_stripos() in /var/www/html/yii/framework/db/CDbConnection.php:609
Stack trace:
#0 /var/www/html/yii/framework/db/CDbConnection.php(581): CDbConnection->quoteValueInternal()
#1 /var/www/html/yii/framework/db/schema/CDbCommandBuilder.php(790): CDbConnection->quoteValue()
#2 /var/www/html/yii/framework/db/schema/CDbCommandBuilder.php(624): CDbCommandBuilder->createInCondition()
#3 /var/www/html/yii/framework/db/ar/CActiveRecord.php(1493): CDbCommandBuilder->createPkCriteria()
#4 /var/www/html/yii-app/protected/controllers/Mytable1Controller.php(155): CActiveRecord->findByPk()
#5 /var/www/html/yii-app/protected/controllers/Mytable1Controller.php(55): Mytable1Controller->loadModel()
#6 [internal function]: Mytable1Controller->actionView()
#7 /var/www/html/yii/framework/web/actions/CAction.php(114): ReflectionMethod->invokeArgs()
#8 /var/www/html/yii/framework/web/actions/CInlineAction.php(47): CAction->runWithParamsInternal()
#9 /var/www/html/yii/framework/web/CController.php(308): CInlineAction->runWithParams()
#10 /var/www/html/yii/framework/web/filters/CFilterChain.php(134): CController->runAction()
#11 /var/www/html/yii/framework/web/filters/CFilter.php(40): CFilterChain->run()
#12 /var/www/html/yii/framework/web/CController.php(1148): CFilter->filter()
#13 /var/www/html/yii/framework/web/filters/CInlineFilter.php(58): CController->filterAccessControl()
#14 /var/www/html/yii/framework/web/filters/CFilterChain.php(131): CInlineFilter->filter()
#15 /var/www/html/yii/framework/web/CController.php(291): CFilterChain->run()
#16 /var/www/html/yii/framework/web/CController.php(265): CController->runActionWithFilters()
#17 /var/www/html/yii/framework/web/CWebApplication.php(282): CController->run()
#18 /var/www/html/yii/framework/web/CWebApplication.php(141): CWebApplication->runController()
#19 /var/www/html/yii/framework/base/CApplication.php(185): CWebApplication->processRequest()
#20 /var/www/html/yii-app/index.php(13): CApplication->run()
#21 {main}
REQUEST_URI=/yii-app/index.php/mytable1/3
HTTP_REFERER=http://www.linda.com/yii-app/index.php/mytable1/admin
---
2024/12/31 10:59:40 [error] [exception.Error] Error: Call to undefined function mb_stripos() in /var/www/html/yii/framework/db/CDbConnection.php:609
Stack trace:
#0 /var/www/html/yii/framework/db/CDbConnection.php(581): CDbConnection->quoteValueInternal()
#1 /var/www/html/yii/framework/db/schema/CDbCommandBuilder.php(790): CDbConnection->quoteValue()
#2 /var/www/html/yii/framework/db/schema/CDbCommandBuilder.php(624): CDbCommandBuilder->createInCondition()
#3 /var/www/html/yii/framework/db/ar/CActiveRecord.php(1493): CDbCommandBuilder->createPkCriteria()
#4 /var/www/html/yii-app/protected/controllers/Mytable1Controller.php(155): CActiveRecord->findByPk()
#5 /var/www/html/yii-app/protected/controllers/Mytable1Controller.php(55): Mytable1Controller->loadModel()
#6 [internal function]: Mytable1Controller->actionView()
#7 /var/www/html/yii/framework/web/actions/CAction.php(114): ReflectionMethod->invokeArgs()
#8 /var/www/html/yii/framework/web/actions/CInlineAction.php(47): CAction->runWithParamsInternal()
#9 /var/www/html/yii/framework/web/CController.php(308): CInlineAction->runWithParams()
#10 /var/www/html/yii/framework/web/filters/CFilterChain.php(134): CController->runAction()
#11 /var/www/html/yii/framework/web/filters/CFilter.php(40): CFilterChain->run()
#12 /var/www/html/yii/framework/web/CController.php(1148): CFilter->filter()
#13 /var/www/html/yii/framework/web/filters/CInlineFilter.php(58): CController->filterAccessControl()
#14 /var/www/html/yii/framework/web/filters/CFilterChain.php(131): CInlineFilter->filter()
#15 /var/www/html/yii/framework/web/CController.php(291): CFilterChain->run()
#16 /var/www/html/yii/framework/web/CController.php(265): CController->runActionWithFilters()
#17 /var/www/html/yii/framework/web/CWebApplication.php(282): CController->run()
#18 /var/www/html/yii/framework/web/CWebApplication.php(141): CWebApplication->runController()
#19 /var/www/html/yii/framework/base/CApplication.php(185): CWebApplication->processRequest()
#20 /var/www/html/yii-app/index.php(13): CApplication->run()
#21 {main}
REQUEST_URI=/yii-app/index.php/mytable1/3
HTTP_REFERER=http://www.linda.com/yii-app/index.php/mytable1/admin
---
2024/12/31 10:59:40 [error] [exception.Error] Error: Call to undefined function mb_stripos() in /var/www/html/yii/framework/db/CDbConnection.php:609
Stack trace:
#0 /var/www/html/yii/framework/db/CDbConnection.php(581): CDbConnection->quoteValueInternal()
#1 /var/www/html/yii/framework/db/schema/CDbCommandBuilder.php(790): CDbConnection->quoteValue()
#2 /var/www/html/yii/framework/db/schema/CDbCommandBuilder.php(624): CDbCommandBuilder->createInCondition()
#3 /var/www/html/yii/framework/db/ar/CActiveRecord.php(1493): CDbCommandBuilder->createPkCriteria()
#4 /var/www/html/yii-app/protected/controllers/Mytable1Controller.php(155): CActiveRecord->findByPk()
#5 /var/www/html/yii-app/protected/controllers/Mytable1Controller.php(55): Mytable1Controller->loadModel()
#6 [internal function]: Mytable1Controller->actionView()
#7 /var/www/html/yii/framework/web/actions/CAction.php(114): ReflectionMethod->invokeArgs()
#8 /var/www/html/yii/framework/web/actions/CInlineAction.php(47): CAction->runWithParamsInternal()
#9 /var/www/html/yii/framework/web/CController.php(308): CInlineAction->runWithParams()
#10 /var/www/html/yii/framework/web/filters/CFilterChain.php(134): CController->runAction()
#11 /var/www/html/yii/framework/web/filters/CFilter.php(40): CFilterChain->run()
#12 /var/www/html/yii/framework/web/CController.php(1148): CFilter->filter()
#13 /var/www/html/yii/framework/web/filters/CInlineFilter.php(58): CController->filterAccessControl()
#14 /var/www/html/yii/framework/web/filters/CFilterChain.php(131): CInlineFilter->filter()
#15 /var/www/html/yii/framework/web/CController.php(291): CFilterChain->run()
#16 /var/www/html/yii/framework/web/CController.php(265): CController->runActionWithFilters()
#17 /var/www/html/yii/framework/web/CWebApplication.php(282): CController->run()
#18 /var/www/html/yii/framework/web/CWebApplication.php(141): CWebApplication->runController()
#19 /var/www/html/yii/framework/base/CApplication.php(185): CWebApplication->processRequest()
#20 /var/www/html/yii-app/index.php(13): CApplication->run()
#21 {main}
REQUEST_URI=/yii-app/index.php/mytable1/3
HTTP_REFERER=http://www.linda.com/yii-app/index.php/mytable1/admin
---
2024/12/31 10:59:40 [error] [exception.Error] Error: Call to undefined function mb_stripos() in /var/www/html/yii/framework/db/CDbConnection.php:609
Stack trace:
#0 /var/www/html/yii/framework/db/CDbConnection.php(581): CDbConnection->quoteValueInternal()
#1 /var/www/html/yii/framework/db/schema/CDbCommandBuilder.php(790): CDbConnection->quoteValue()
#2 /var/www/html/yii/framework/db/schema/CDbCommandBuilder.php(624): CDbCommandBuilder->createInCondition()
#3 /var/www/html/yii/framework/db/ar/CActiveRecord.php(1493): CDbCommandBuilder->createPkCriteria()
#4 /var/www/html/yii-app/protected/controllers/Mytable1Controller.php(155): CActiveRecord->findByPk()
#5 /var/www/html/yii-app/protected/controllers/Mytable1Controller.php(55): Mytable1Controller->loadModel()
#6 [internal function]: Mytable1Controller->actionView()
#7 /var/www/html/yii/framework/web/actions/CAction.php(114): ReflectionMethod->invokeArgs()
#8 /var/www/html/yii/framework/web/actions/CInlineAction.php(47): CAction->runWithParamsInternal()
#9 /var/www/html/yii/framework/web/CController.php(308): CInlineAction->runWithParams()
#10 /var/www/html/yii/framework/web/filters/CFilterChain.php(134): CController->runAction()
#11 /var/www/html/yii/framework/web/filters/CFilter.php(40): CFilterChain->run()
#12 /var/www/html/yii/framework/web/CController.php(1148): CFilter->filter()
#13 /var/www/html/yii/framework/web/filters/CInlineFilter.php(58): CController->filterAccessControl()
#14 /var/www/html/yii/framework/web/filters/CFilterChain.php(131): CInlineFilter->filter()
#15 /var/www/html/yii/framework/web/CController.php(291): CFilterChain->run()
#16 /var/www/html/yii/framework/web/CController.php(265): CController->runActionWithFilters()
#17 /var/www/html/yii/framework/web/CWebApplication.php(282): CController->run()
#18 /var/www/html/yii/framework/web/CWebApplication.php(141): CWebApplication->runController()
#19 /var/www/html/yii/framework/base/CApplication.php(185): CWebApplication->processRequest()
#20 /var/www/html/yii-app/index.php(13): CApplication->run()
#21 {main}
REQUEST_URI=/yii-app/index.php/mytable1/3
HTTP_REFERER=http://www.linda.com/yii-app/index.php/mytable1/admin
---
2024/12/31 10:59:41 [error] [exception.Error] Error: Call to undefined function mb_stripos() in /var/www/html/yii/framework/db/CDbConnection.php:609
Stack trace:
#0 /var/www/html/yii/framework/db/CDbConnection.php(581): CDbConnection->quoteValueInternal()
#1 /var/www/html/yii/framework/db/schema/CDbCommandBuilder.php(790): CDbConnection->quoteValue()
#2 /var/www/html/yii/framework/db/schema/CDbCommandBuilder.php(624): CDbCommandBuilder->createInCondition()
#3 /var/www/html/yii/framework/db/ar/CActiveRecord.php(1493): CDbCommandBuilder->createPkCriteria()
#4 /var/www/html/yii-app/protected/controllers/Mytable1Controller.php(155): CActiveRecord->findByPk()
#5 /var/www/html/yii-app/protected/controllers/Mytable1Controller.php(55): Mytable1Controller->loadModel()
#6 [internal function]: Mytable1Controller->actionView()
#7 /var/www/html/yii/framework/web/actions/CAction.php(114): ReflectionMethod->invokeArgs()
#8 /var/www/html/yii/framework/web/actions/CInlineAction.php(47): CAction->runWithParamsInternal()
#9 /var/www/html/yii/framework/web/CController.php(308): CInlineAction->runWithParams()
#10 /var/www/html/yii/framework/web/filters/CFilterChain.php(134): CController->runAction()
#11 /var/www/html/yii/framework/web/filters/CFilter.php(40): CFilterChain->run()
#12 /var/www/html/yii/framework/web/CController.php(1148): CFilter->filter()
#13 /var/www/html/yii/framework/web/filters/CInlineFilter.php(58): CController->filterAccessControl()
#14 /var/www/html/yii/framework/web/filters/CFilterChain.php(131): CInlineFilter->filter()
#15 /var/www/html/yii/framework/web/CController.php(291): CFilterChain->run()
#16 /var/www/html/yii/framework/web/CController.php(265): CController->runActionWithFilters()
#17 /var/www/html/yii/framework/web/CWebApplication.php(282): CController->run()
#18 /var/www/html/yii/framework/web/CWebApplication.php(141): CWebApplication->runController()
#19 /var/www/html/yii/framework/base/CApplication.php(185): CWebApplication->processRequest()
#20 /var/www/html/yii-app/index.php(13): CApplication->run()
#21 {main}
REQUEST_URI=/yii-app/index.php/mytable1/3
HTTP_REFERER=http://www.linda.com/yii-app/index.php/mytable1/admin
---
2024/12/31 10:59:41 [error] [exception.Error] Error: Call to undefined function mb_stripos() in /var/www/html/yii/framework/db/CDbConnection.php:609
Stack trace:
#0 /var/www/html/yii/framework/db/CDbConnection.php(581): CDbConnection->quoteValueInternal()
#1 /var/www/html/yii/framework/db/schema/CDbCommandBuilder.php(790): CDbConnection->quoteValue()
#2 /var/www/html/yii/framework/db/schema/CDbCommandBuilder.php(624): CDbCommandBuilder->createInCondition()
#3 /var/www/html/yii/framework/db/ar/CActiveRecord.php(1493): CDbCommandBuilder->createPkCriteria()
#4 /var/www/html/yii-app/protected/controllers/Mytable1Controller.php(155): CActiveRecord->findByPk()
#5 /var/www/html/yii-app/protected/controllers/Mytable1Controller.php(55): Mytable1Controller->loadModel()
#6 [internal function]: Mytable1Controller->actionView()
#7 /var/www/html/yii/framework/web/actions/CAction.php(114): ReflectionMethod->invokeArgs()
#8 /var/www/html/yii/framework/web/actions/CInlineAction.php(47): CAction->runWithParamsInternal()
#9 /var/www/html/yii/framework/web/CController.php(308): CInlineAction->runWithParams()
#10 /var/www/html/yii/framework/web/filters/CFilterChain.php(134): CController->runAction()
#11 /var/www/html/yii/framework/web/filters/CFilter.php(40): CFilterChain->run()
#12 /var/www/html/yii/framework/web/CController.php(1148): CFilter->filter()
#13 /var/www/html/yii/framework/web/filters/CInlineFilter.php(58): CController->filterAccessControl()
#14 /var/www/html/yii/framework/web/filters/CFilterChain.php(131): CInlineFilter->filter()
#15 /var/www/html/yii/framework/web/CController.php(291): CFilterChain->run()
#16 /var/www/html/yii/framework/web/CController.php(265): CController->runActionWithFilters()
#17 /var/www/html/yii/framework/web/CWebApplication.php(282): CController->run()
#18 /var/www/html/yii/framework/web/CWebApplication.php(141): CWebApplication->runController()
#19 /var/www/html/yii/framework/base/CApplication.php(185): CWebApplication->processRequest()
#20 /var/www/html/yii-app/index.php(13): CApplication->run()
#21 {main}
REQUEST_URI=/yii-app/index.php/mytable1/3
HTTP_REFERER=http://www.linda.com/yii-app/index.php/mytable1/admin
---
2024/12/31 10:59:41 [error] [exception.Error] Error: Call to undefined function mb_stripos() in /var/www/html/yii/framework/db/CDbConnection.php:609
Stack trace:
#0 /var/www/html/yii/framework/db/CDbConnection.php(581): CDbConnection->quoteValueInternal()
#1 /var/www/html/yii/framework/db/schema/CDbCommandBuilder.php(790): CDbConnection->quoteValue()
#2 /var/www/html/yii/framework/db/schema/CDbCommandBuilder.php(624): CDbCommandBuilder->createInCondition()
#3 /var/www/html/yii/framework/db/ar/CActiveRecord.php(1493): CDbCommandBuilder->createPkCriteria()
#4 /var/www/html/yii-app/protected/controllers/Mytable1Controller.php(155): CActiveRecord->findByPk()
#5 /var/www/html/yii-app/protected/controllers/Mytable1Controller.php(55): Mytable1Controller->loadModel()
#6 [internal function]: Mytable1Controller->actionView()
#7 /var/www/html/yii/framework/web/actions/CAction.php(114): ReflectionMethod->invokeArgs()
#8 /var/www/html/yii/framework/web/actions/CInlineAction.php(47): CAction->runWithParamsInternal()
#9 /var/www/html/yii/framework/web/CController.php(308): CInlineAction->runWithParams()
#10 /var/www/html/yii/framework/web/filters/CFilterChain.php(134): CController->runAction()
#11 /var/www/html/yii/framework/web/filters/CFilter.php(40): CFilterChain->run()
#12 /var/www/html/yii/framework/web/CController.php(1148): CFilter->filter()
#13 /var/www/html/yii/framework/web/filters/CInlineFilter.php(58): CController->filterAccessControl()
#14 /var/www/html/yii/framework/web/filters/CFilterChain.php(131): CInlineFilter->filter()
#15 /var/www/html/yii/framework/web/CController.php(291): CFilterChain->run()
#16 /var/www/html/yii/framework/web/CController.php(265): CController->runActionWithFilters()
#17 /var/www/html/yii/framework/web/CWebApplication.php(282): CController->run()
#18 /var/www/html/yii/framework/web/CWebApplication.php(141): CWebApplication->runController()
#19 /var/www/html/yii/framework/base/CApplication.php(185): CWebApplication->processRequest()
#20 /var/www/html/yii-app/index.php(13): CApplication->run()
#21 {main}
REQUEST_URI=/yii-app/index.php/mytable1/3
HTTP_REFERER=http://www.linda.com/yii-app/index.php/mytable1/admin
---
2024/12/31 10:59:45 [error] [exception.Error] Error: Call to undefined function mb_stripos() in /var/www/html/yii/framework/db/CDbConnection.php:609
Stack trace:
#0 /var/www/html/yii/framework/db/CDbConnection.php(581): CDbConnection->quoteValueInternal()
#1 /var/www/html/yii/framework/db/schema/CDbCommandBuilder.php(790): CDbConnection->quoteValue()
#2 /var/www/html/yii/framework/db/schema/CDbCommandBuilder.php(624): CDbCommandBuilder->createInCondition()
#3 /var/www/html/yii/framework/db/ar/CActiveRecord.php(1493): CDbCommandBuilder->createPkCriteria()
#4 /var/www/html/yii-app/protected/controllers/Mytable1Controller.php(155): CActiveRecord->findByPk()
#5 /var/www/html/yii-app/protected/controllers/Mytable1Controller.php(55): Mytable1Controller->loadModel()
#6 [internal function]: Mytable1Controller->actionView()
#7 /var/www/html/yii/framework/web/actions/CAction.php(114): ReflectionMethod->invokeArgs()
#8 /var/www/html/yii/framework/web/actions/CInlineAction.php(47): CAction->runWithParamsInternal()
#9 /var/www/html/yii/framework/web/CController.php(308): CInlineAction->runWithParams()
#10 /var/www/html/yii/framework/web/filters/CFilterChain.php(134): CController->runAction()
#11 /var/www/html/yii/framework/web/filters/CFilter.php(40): CFilterChain->run()
#12 /var/www/html/yii/framework/web/CController.php(1148): CFilter->filter()
#13 /var/www/html/yii/framework/web/filters/CInlineFilter.php(58): CController->filterAccessControl()
#14 /var/www/html/yii/framework/web/filters/CFilterChain.php(131): CInlineFilter->filter()
#15 /var/www/html/yii/framework/web/CController.php(291): CFilterChain->run()
#16 /var/www/html/yii/framework/web/CController.php(265): CController->runActionWithFilters()
#17 /var/www/html/yii/framework/web/CWebApplication.php(282): CController->run()
#18 /var/www/html/yii/framework/web/CWebApplication.php(141): CWebApplication->runController()
#19 /var/www/html/yii/framework/base/CApplication.php(185): CWebApplication->processRequest()
#20 /var/www/html/yii-app/index.php(13): CApplication->run()
#21 {main}
REQUEST_URI=/yii-app/index.php/mytable1/1
HTTP_REFERER=http://www.linda.com/yii-app/index.php/mytable1/admin
---
2024/12/31 11:02:33 [error] [exception.Error] Error: Call to undefined function mb_stripos() in /var/www/html/yii/framework/db/CDbConnection.php:609
Stack trace:
#0 /var/www/html/yii/framework/db/CDbConnection.php(581): CDbConnection->quoteValueInternal()
#1 /var/www/html/yii/framework/db/schema/CDbCommandBuilder.php(790): CDbConnection->quoteValue()
#2 /var/www/html/yii/framework/db/schema/CDbCommandBuilder.php(624): CDbCommandBuilder->createInCondition()
#3 /var/www/html/yii/framework/db/ar/CActiveRecord.php(1493): CDbCommandBuilder->createPkCriteria()
#4 /var/www/html/yii-app/protected/controllers/Mytable1Controller.php(155): CActiveRecord->findByPk()
#5 /var/www/html/yii-app/protected/controllers/Mytable1Controller.php(89): Mytable1Controller->loadModel()
#6 [internal function]: Mytable1Controller->actionUpdate()
#7 /var/www/html/yii/framework/web/actions/CAction.php(114): ReflectionMethod->invokeArgs()
#8 /var/www/html/yii/framework/web/actions/CInlineAction.php(47): CAction->runWithParamsInternal()
#9 /var/www/html/yii/framework/web/CController.php(308): CInlineAction->runWithParams()
#10 /var/www/html/yii/framework/web/filters/CFilterChain.php(134): CController->runAction()
#11 /var/www/html/yii/framework/web/filters/CFilter.php(40): CFilterChain->run()
#12 /var/www/html/yii/framework/web/CController.php(1148): CFilter->filter()
#13 /var/www/html/yii/framework/web/filters/CInlineFilter.php(58): CController->filterAccessControl()
#14 /var/www/html/yii/framework/web/filters/CFilterChain.php(131): CInlineFilter->filter()
#15 /var/www/html/yii/framework/web/CController.php(291): CFilterChain->run()
#16 /var/www/html/yii/framework/web/CController.php(265): CController->runActionWithFilters()
#17 /var/www/html/yii/framework/web/CWebApplication.php(282): CController->run()
#18 /var/www/html/yii/framework/web/CWebApplication.php(141): CWebApplication->runController()
#19 /var/www/html/yii/framework/base/CApplication.php(185): CWebApplication->processRequest()
#20 /var/www/html/yii-app/index.php(13): CApplication->run()
#21 {main}
REQUEST_URI=/yii-app/index.php/mytable1/update/1
HTTP_REFERER=http://www.linda.com/yii-app/index.php/mytable1/admin
---
2024/12/31 11:04:59 [error] [exception.Error] Error: Call to undefined function mb_stripos() in /var/www/html/yii/framework/db/CDbConnection.php:609
Stack trace:
#0 /var/www/html/yii/framework/db/CDbConnection.php(581): CDbConnection->quoteValueInternal()
#1 /var/www/html/yii/framework/db/schema/CDbCommandBuilder.php(790): CDbConnection->quoteValue()
#2 /var/www/html/yii/framework/db/schema/CDbCommandBuilder.php(624): CDbCommandBuilder->createInCondition()
#3 /var/www/html/yii/framework/db/ar/CActiveRecord.php(1493): CDbCommandBuilder->createPkCriteria()
#4 /var/www/html/yii-app/protected/controllers/Mytable1Controller.php(155): CActiveRecord->findByPk()
#5 /var/www/html/yii-app/protected/controllers/Mytable1Controller.php(89): Mytable1Controller->loadModel()
#6 [internal function]: Mytable1Controller->actionUpdate()
#7 /var/www/html/yii/framework/web/actions/CAction.php(114): ReflectionMethod->invokeArgs()
#8 /var/www/html/yii/framework/web/actions/CInlineAction.php(47): CAction->runWithParamsInternal()
#9 /var/www/html/yii/framework/web/CController.php(308): CInlineAction->runWithParams()
#10 /var/www/html/yii/framework/web/filters/CFilterChain.php(134): CController->runAction()
#11 /var/www/html/yii/framework/web/filters/CFilter.php(40): CFilterChain->run()
#12 /var/www/html/yii/framework/web/CController.php(1148): CFilter->filter()
#13 /var/www/html/yii/framework/web/filters/CInlineFilter.php(58): CController->filterAccessControl()
#14 /var/www/html/yii/framework/web/filters/CFilterChain.php(131): CInlineFilter->filter()
#15 /var/www/html/yii/framework/web/CController.php(291): CFilterChain->run()
#16 /var/www/html/yii/framework/web/CController.php(265): CController->runActionWithFilters()
#17 /var/www/html/yii/framework/web/CWebApplication.php(282): CController->run()
#18 /var/www/html/yii/framework/web/CWebApplication.php(141): CWebApplication->runController()
#19 /var/www/html/yii/framework/base/CApplication.php(185): CWebApplication->processRequest()
#20 /var/www/html/yii-app/index.php(13): CApplication->run()
#21 {main}
REQUEST_URI=/yii-app/index.php/mytable1/update/1
HTTP_REFERER=http://localhost/yii-app/index.php/mytable1/admin
---
2024/12/31 11:35:21 [error] [exception.CHttpException.404] CHttpException: Unable to resolve the request "gii-scrud". in /var/www/html/yii/framework/web/CWebApplication.php:286
Stack trace:
#0 /var/www/html/yii/framework/web/CWebApplication.php(141): CWebApplication->runController()
#1 /var/www/html/yii/framework/base/CApplication.php(185): CWebApplication->processRequest()
#2 /var/www/html/yii-app/index.php(13): CApplication->run()
#3 {main}
REQUEST_URI=/yii-app/index.php/gii-scrud
---
2024/12/31 11:35:31 [error] [exception.CHttpException.404] CHttpException: Unable to resolve the request "gii-crud". in /var/www/html/yii/framework/web/CWebApplication.php:286
Stack trace:
#0 /var/www/html/yii/framework/web/CWebApplication.php(141): CWebApplication->runController()
#1 /var/www/html/yii/framework/base/CApplication.php(185): CWebApplication->processRequest()
#2 /var/www/html/yii-app/index.php(13): CApplication->run()
#3 {main}
REQUEST_URI=/yii-app/index.php/gii-crud
---
